<?xml version="1.0" encoding="UTF-8" ?>
<testsuite errors="0" failures="0" hostname="DESKTOP-B0QR228" name="com.example.test.controller.CustomerTestController" skipped="0" tests="4" time="0.639" timestamp="2021-10-01T18:49:24">
  <properties>
[...]
</properties>
  <testcase classname="com.example.test.controller.CustomerTestController" name="testSave2" time="0.093" />
  <testcase classname="com.example.test.controller.CustomerTestController" name="testSave3" time="0.001" />
  <testcase classname="com.example.test.controller.CustomerTestController" name="testSave" time="0.001" />
  <testcase classname="com.example.test.controller.CustomerTestController" name="testGetAllCustoemr" time="0.002" />
  <system-out><![CDATA[Customer Name: Rabeya
Customer Eamil: nayeem@gmail.com
Customer Mobile: 01724486879
Customer Address: Khulna
====================================
Customer Name: Sakib
Customer Eamil: sakib@gmail.com
Customer Mobile: 01724486889
Customer Address: Khulna
====================================
Customer Name: Amina
Customer Eamil: efdsfds@gmail.com
Customer Mobile: 01724486878
Customer Address: Khulna
====================================
]]></system-out>
  <system-err><![CDATA[]]></system-err>
</testsuite>
